2022-01-23T23:14:23.871Z - info: Initializing jsreport (version: 3.3.0, configuration file: jsreport.config.json, nodejs: 16.13.2)
2022-01-23T23:14:23.873Z - info: Searching for available extensions in C:\Users\Usuario\Desktop\PROJECTS\EDUAPP\eduapp\jsreport\
2022-01-23T23:14:23.874Z - info: Extensions location cache not found, crawling directories
2022-01-23T23:14:24.901Z - info: Found 35 extension(s)
2022-01-23T23:14:24.949Z - info: Using extension base@3.0.0
2022-01-23T23:14:24.953Z - info: Using extension child-templates@3.0.1
2022-01-23T23:14:24.955Z - info: Using extension cli@3.0.0
2022-01-23T23:14:24.956Z - info: Using extension components@3.2.0
2022-01-23T23:14:24.958Z - info: Using extension data@3.0.1
2022-01-23T23:14:24.958Z - info: Using extension express@3.2.1
2022-01-23T23:14:25.159Z - info: Using extension freeze@3.0.1
2022-01-23T23:14:25.161Z - info: Using extension fs-store@3.0.0
2022-01-23T23:14:25.225Z - info: Using extension handlebars@3.0.0
2022-01-23T23:14:25.226Z - info: Using extension import-export@3.0.2
2022-01-23T23:14:25.234Z - info: Using extension jsrender@3.0.0
2022-01-23T23:14:25.235Z - info: Using extension licensing@3.0.1
2022-01-23T23:14:25.254Z - info: Using extension localization@3.1.1
2022-01-23T23:14:25.255Z - info: Using extension npm@3.1.0
2022-01-23T23:14:25.257Z - info: Using extension pdf-utils@3.2.0
2022-01-23T23:14:25.258Z - info: Using extension reports@3.0.1
2022-01-23T23:14:25.260Z - info: Using extension tags@3.1.0
2022-01-23T23:14:25.262Z - info: Using extension text@3.0.0
2022-01-23T23:14:25.263Z - info: Using extension version-control@3.0.1
2022-01-23T23:14:25.274Z - info: Using extension assets@3.2.0
2022-01-23T23:14:25.282Z - info: Using extension authorization@3.2.0
2022-01-23T23:14:25.286Z - info: Using extension browser-client@3.1.0
2022-01-23T23:14:25.289Z - info: Using extension chrome-pdf@3.1.0
2022-01-23T23:14:25.291Z - info: Using extension docx@3.1.0
2022-01-23T23:14:25.293Z - info: Using extension html-to-xlsx@3.1.0
2022-01-23T23:14:25.346Z - info: html-to-xlsx detected chrome as available html engine
2022-01-23T23:14:25.346Z - info: Using extension pptx@3.1.0
2022-01-23T23:14:25.348Z - info: Using extension scheduling@3.0.1
2022-01-23T23:14:25.375Z - info: Using extension scripts@3.2.0
2022-01-23T23:14:25.375Z - info: Using extension static-pdf@3.0.0
2022-01-23T23:14:25.376Z - info: Using extension studio@3.3.0
2022-01-23T23:14:25.432Z - info: Using extension xlsx@3.1.0
2022-01-23T23:14:25.450Z - info: Using extension public-templates@3.0.0
2022-01-23T23:14:25.451Z - info: Using extension sample-template@3.1.0
2022-01-23T23:14:25.453Z - info: Using extension studio-theme-dark@3.0.1
2022-01-23T23:14:25.454Z - info: Using general timeout for rendering (reportTimeout: 60000)
2022-01-23T23:14:25.455Z - info: Using fs provider for template store.
2022-01-23T23:14:25.458Z - info: fs store is persisting using fs for C:\Users\Usuario\Desktop\PROJECTS\EDUAPP\eduapp\jsreport\data
2022-01-23T23:14:25.465Z - info: fs store is loading data
2022-01-23T23:14:25.469Z - info: fs store is initialized successfully
2022-01-23T23:14:25.505Z - info: Creating default express app.
2022-01-23T23:14:25.521Z - info: jsreport server successfully started on http port: 5488
2022-01-23T23:14:25.522Z - info: Verifying license key free
2022-01-23T23:14:25.522Z - info: Using free license
2022-01-23T23:14:25.538Z - info: Migrating templates chrome settings (waitForNetworkIddle -> waitForNetworkIdle)
2022-01-23T23:14:25.543Z - info: Migration successful
2022-01-23T23:14:25.681Z - info: Initializing worker threads
2022-01-23T23:14:25.850Z - info: 2 worker threads initialized in 169ms
2022-01-23T23:14:25.850Z - info: Starting temp files cleanup with 180000ms threshold
2022-01-23T23:14:25.851Z - info: reporter initialized
2022-01-23T23:27:49.816Z - error: Error when processing OData POST: /odata/assets Error: Unable to find or read file C:\Users\Usuario\Desktop\PROJECTS\EDUAPP\eduapp\jsreport\styles.css. ENOENT: no such file or directory, open 'C:\Users\Usuario\Desktop\PROJECTS\EDUAPP\eduapp\jsreport\styles.css'
    at module.exports (C:\Users\Usuario\Desktop\PROJECTS\EDUAPP\eduapp\jsreport\node_modules\@jsreport\jsreport-core\lib\shared\createError.js:10:13)
    at MainReporter.createError (C:\Users\Usuario\Desktop\PROJECTS\EDUAPP\eduapp\jsreport\node_modules\@jsreport\jsreport-core\lib\shared\reporter.js:47:12)
    at readFile (C:\Users\Usuario\Desktop\PROJECTS\EDUAPP\eduapp\jsreport\node_modules\@jsreport\jsreport-assets\lib\assetsShared.js:193:20)
    at async AsyncFunction.<anonymous> (C:\Users\Usuario\Desktop\PROJECTS\EDUAPP\eduapp\jsreport\node_modules\@jsreport\jsreport-assets\lib\main.js:132:9)
    at async ListenerCollection.fire (C:\Users\Usuario\Desktop\PROJECTS\EDUAPP\eduapp\jsreport\node_modules\@jsreport\jsreport-core\lib\shared\listenerCollection.js:157:21)
    at async Object.insert (C:\Users\Usuario\Desktop\PROJECTS\EDUAPP\eduapp\jsreport\node_modules\@jsreport\jsreport-core\lib\main\store\collection.js:102:5)
caused by: Error: ENOENT: no such file or directory, open 'C:\Users\Usuario\Desktop\PROJECTS\EDUAPP\eduapp\jsreport\styles.css'
2022-01-23T23:27:57.727Z - error: Error when processing OData POST: /odata/assets Error: Entity name can not be empty
    at module.exports (C:\Users\Usuario\Desktop\PROJECTS\EDUAPP\eduapp\jsreport\node_modules\@jsreport\jsreport-core\lib\shared\createError.js:10:13)
    at module.exports (C:\Users\Usuario\Desktop\PROJECTS\EDUAPP\eduapp\jsreport\node_modules\@jsreport\jsreport-core\lib\main\validateEntityName.js:26:11)
    at Object.insert (C:\Users\Usuario\Desktop\PROJECTS\EDUAPP\eduapp\jsreport\node_modules\@jsreport\jsreport-core\lib\main\store\collection.js:86:7)
    at processTicksAndRejections (node:internal/process/task_queues:96:5)
2022-01-23T23:31:36.293Z - info: Starting rendering request 1 (user: null) rootId=zusadhx4b2adeaz, id=zusadhx4b2adeaz
2022-01-23T23:31:36.294Z - info: Rendering template { name: Test1, recipe: chrome-pdf, engine: handlebars, preview: true } rootId=zusadhx4b2adeaz, id=zusadhx4b2adeaz
2022-01-23T23:31:37.225Z - info: Rendering request 1 finished in 967 ms rootId=zusadhx4b2adeaz, id=zusadhx4b2adeaz
2022-01-23T23:32:14.000Z - info: Starting rendering request 2 (user: null) rootId=ts1poyxy37jhvxm, id=ts1poyxy37jhvxm
2022-01-23T23:32:14.000Z - info: Rendering template { name: Test1, recipe: chrome-pdf, engine: handlebars, preview: true } rootId=ts1poyxy37jhvxm, id=ts1poyxy37jhvxm
2022-01-23T23:32:14.101Z - info: Rendering request 2 finished in 103 ms rootId=ts1poyxy37jhvxm, id=ts1poyxy37jhvxm
2022-01-23T23:33:01.198Z - info: Starting rendering request 3 (user: null) rootId=6rhl3282j1z08ch, id=6rhl3282j1z08ch
2022-01-23T23:33:01.199Z - info: Rendering template { name: Test1, recipe: chrome-pdf, engine: handlebars, preview: true } rootId=6rhl3282j1z08ch, id=6rhl3282j1z08ch
2022-01-23T23:33:01.289Z - info: Rendering request 3 finished in 92 ms rootId=6rhl3282j1z08ch, id=6rhl3282j1z08ch
2022-01-23T23:33:26.768Z - info: Starting rendering request 4 (user: null) rootId=n30ryyffhbma1jh, id=n30ryyffhbma1jh
2022-01-23T23:33:26.769Z - info: Rendering template { name: Test1, recipe: chrome-pdf, engine: handlebars, preview: true } rootId=n30ryyffhbma1jh, id=n30ryyffhbma1jh
2022-01-23T23:33:26.870Z - info: Rendering request 4 finished in 103 ms rootId=n30ryyffhbma1jh, id=n30ryyffhbma1jh
2022-01-23T23:35:08.592Z - info: Starting rendering request 5 (user: null) rootId=zfyoawkjqtiys2y, id=zfyoawkjqtiys2y
2022-01-23T23:35:08.592Z - info: Rendering template { name: Test1, recipe: chrome-pdf, engine: handlebars, preview: true } rootId=zfyoawkjqtiys2y, id=zfyoawkjqtiys2y
2022-01-23T23:35:08.683Z - info: Rendering request 5 finished in 94 ms rootId=zfyoawkjqtiys2y, id=zfyoawkjqtiys2y
2022-01-23T23:35:14.692Z - info: Starting rendering request 6 (user: null) rootId=tpnwasppcc8kskm, id=tpnwasppcc8kskm
2022-01-23T23:35:14.692Z - info: Rendering template { name: Test1, recipe: chrome-pdf, engine: handlebars, preview: true } rootId=tpnwasppcc8kskm, id=tpnwasppcc8kskm
2022-01-23T23:35:14.788Z - info: Rendering request 6 finished in 98 ms rootId=tpnwasppcc8kskm, id=tpnwasppcc8kskm
2022-01-23T23:36:07.737Z - info: Starting rendering request 7 (user: null) rootId=16cqlpk77t1m48r, id=16cqlpk77t1m48r
2022-01-23T23:36:07.737Z - info: Rendering template { name: Test1, recipe: chrome-pdf, engine: handlebars, preview: true } rootId=16cqlpk77t1m48r, id=16cqlpk77t1m48r
2022-01-23T23:36:07.824Z - info: Rendering request 7 finished in 88 ms rootId=16cqlpk77t1m48r, id=16cqlpk77t1m48r
2022-01-23T23:36:19.723Z - info: Starting rendering request 8 (user: null) rootId=6bijnwedgo7v5jh, id=6bijnwedgo7v5jh
2022-01-23T23:36:19.723Z - info: Rendering template { name: Test1, recipe: chrome-pdf, engine: handlebars, preview: true } rootId=6bijnwedgo7v5jh, id=6bijnwedgo7v5jh
2022-01-23T23:36:19.816Z - info: Rendering request 8 finished in 95 ms rootId=6bijnwedgo7v5jh, id=6bijnwedgo7v5jh
2022-01-23T23:36:40.182Z - info: Starting rendering request 9 (user: null) rootId=ksxpe6uoi7qkwvm, id=ksxpe6uoi7qkwvm
2022-01-23T23:36:40.182Z - info: Rendering template { name: Test1, recipe: chrome-pdf, engine: handlebars, preview: true } rootId=ksxpe6uoi7qkwvm, id=ksxpe6uoi7qkwvm
2022-01-23T23:36:40.272Z - info: Rendering request 9 finished in 92 ms rootId=ksxpe6uoi7qkwvm, id=ksxpe6uoi7qkwvm
2022-01-23T23:37:11.404Z - info: Starting rendering request 10 (user: null) rootId=tt22wuy9l914pv6, id=tt22wuy9l914pv6
2022-01-23T23:37:11.404Z - info: Rendering template { name: Test1, recipe: chrome-pdf, engine: handlebars, preview: true } rootId=tt22wuy9l914pv6, id=tt22wuy9l914pv6
2022-01-23T23:37:11.417Z - warn: Error when processing render request 10 Error when evaluating engine handlebars for template /EduappReport/Test1/Test1
Asset  EduappLogo.png  not found in the store and also not on the disk: Unable to find or read file C:\Users\Usuario\Desktop\PROJECTS\EDUAPP\eduapp\jsreport\ EduappLogo.png . ENOENT: no such file or directory, open 'C:\Users\Usuario\Desktop\PROJECTS\EDUAPP\eduapp\jsreport\ EduappLogo.png ' Error: Asset  EduappLogo.png  not found in the store and also not on the disk: Unable to find or read file C:\Users\Usuario\Desktop\PROJECTS\EDUAPP\eduapp\jsreport\ EduappLogo.png . ENOENT: no such file or directory, open 'C:\Users\Usuario\Desktop\PROJECTS\EDUAPP\eduapp\jsreport\ EduappLogo.png '
    at readAsset (C:\Users\Usuario\Desktop\PROJECTS\EDUAPP\eduapp\jsreport\node_modules\@jsreport\jsreport-assets\lib\assetsShared.js:117:15)
    at async Object.read (C:\Users\Usuario\Desktop\PROJECTS\EDUAPP\eduapp\jsreport\node_modules\@jsreport\jsreport-assets\lib\worker.js:112:19) rootId=tt22wuy9l914pv6, id=tt22wuy9l914pv6
2022-01-23T23:37:11.418Z - warn: Rendering request 10 finished with error in 17 ms rootId=tt22wuy9l914pv6, id=tt22wuy9l914pv6
2022-01-23T23:38:11.596Z - info: Starting rendering request 11 (user: null) rootId=2uhycg2kj0v4yfs, id=2uhycg2kj0v4yfs
2022-01-23T23:38:11.596Z - info: Rendering template { name: Test1, recipe: chrome-pdf, engine: handlebars, preview: true } rootId=2uhycg2kj0v4yfs, id=2uhycg2kj0v4yfs
2022-01-23T23:38:11.716Z - info: Rendering request 11 finished in 121 ms rootId=2uhycg2kj0v4yfs, id=2uhycg2kj0v4yfs
2022-01-23T23:38:22.688Z - info: Starting rendering request 12 (user: null) rootId=0ln75k5bjj3etir, id=0ln75k5bjj3etir
2022-01-23T23:38:22.689Z - info: Rendering template { name: Test1, recipe: chrome-pdf, engine: handlebars, preview: true } rootId=0ln75k5bjj3etir, id=0ln75k5bjj3etir
2022-01-23T23:38:22.815Z - info: Rendering request 12 finished in 126 ms rootId=0ln75k5bjj3etir, id=0ln75k5bjj3etir
2022-01-23T23:40:29.994Z - info: Starting rendering request 13 (user: null) rootId=lmedaeyaq2olidy, id=lmedaeyaq2olidy
2022-01-23T23:40:29.994Z - info: Rendering template { name: Test1, recipe: chrome-pdf, engine: handlebars, preview: true } rootId=lmedaeyaq2olidy, id=lmedaeyaq2olidy
2022-01-23T23:40:30.140Z - info: Rendering request 13 finished in 147 ms rootId=lmedaeyaq2olidy, id=lmedaeyaq2olidy
2022-01-23T23:58:14.121Z - info: Starting rendering request 14 (user: null) rootId=1k56rxg8tchchtf, id=1k56rxg8tchchtf
2022-01-23T23:58:14.121Z - warn: Error when processing render request 14 Unable to find specified template or user does not have permissions to read it: Eduapp report Error: Unable to find specified template or user does not have permissions to read it: Eduapp report
    at module.exports (C:\Users\Usuario\Desktop\PROJECTS\EDUAPP\eduapp\jsreport\node_modules\@jsreport\jsreport-core\lib\shared\createError.js:10:13)
    at WorkerReporter.createError (C:\Users\Usuario\Desktop\PROJECTS\EDUAPP\eduapp\jsreport\node_modules\@jsreport\jsreport-core\lib\shared\reporter.js:47:12)
    at AsyncFunction.<anonymous> (C:\Users\Usuario\Desktop\PROJECTS\EDUAPP\eduapp\jsreport\node_modules\@jsreport\jsreport-core\lib\worker\templates.js:31:22)
    at ListenerCollection.fire (C:\Users\Usuario\Desktop\PROJECTS\EDUAPP\eduapp\jsreport\node_modules\@jsreport\jsreport-core\lib\shared\listenerCollection.js:157:32)
    at async beforeRender (C:\Users\Usuario\Desktop\PROJECTS\EDUAPP\eduapp\jsreport\node_modules\@jsreport\jsreport-core\lib\worker\render\render.js:26:5)
    at async WorkerReporter._render (C:\Users\Usuario\Desktop\PROJECTS\EDUAPP\eduapp\jsreport\node_modules\@jsreport\jsreport-core\lib\worker\render\render.js:150:7)
    at async C:\Users\Usuario\Desktop\PROJECTS\EDUAPP\eduapp\jsreport\node_modules\@jsreport\jsreport-core\lib\worker\reporter.js:177:19
    at async Domain.<anonymous> (C:\Users\Usuario\Desktop\PROJECTS\EDUAPP\eduapp\jsreport\node_modules\@jsreport\advanced-workers\lib\workerHandler.js:141:19) rootId=1k56rxg8tchchtf, id=1k56rxg8tchchtf
2022-01-23T23:58:14.123Z - warn: Rendering request 14 finished with error in 1 ms rootId=1k56rxg8tchchtf, id=1k56rxg8tchchtf
2022-01-23T23:58:14.126Z - warn: Error during processing request at http://localhost:5488/api/report
2022-01-23T23:58:30.918Z - info: Starting rendering request 15 (user: null) rootId=idqrj1xq8x914fb, id=idqrj1xq8x914fb
2022-01-23T23:58:30.919Z - warn: Error when processing render request 15 Unable to find specified template or user does not have permissions to read it: Eduapp report Error: Unable to find specified template or user does not have permissions to read it: Eduapp report
    at module.exports (C:\Users\Usuario\Desktop\PROJECTS\EDUAPP\eduapp\jsreport\node_modules\@jsreport\jsreport-core\lib\shared\createError.js:10:13)
    at WorkerReporter.createError (C:\Users\Usuario\Desktop\PROJECTS\EDUAPP\eduapp\jsreport\node_modules\@jsreport\jsreport-core\lib\shared\reporter.js:47:12)
    at AsyncFunction.<anonymous> (C:\Users\Usuario\Desktop\PROJECTS\EDUAPP\eduapp\jsreport\node_modules\@jsreport\jsreport-core\lib\worker\templates.js:31:22)
    at ListenerCollection.fire (C:\Users\Usuario\Desktop\PROJECTS\EDUAPP\eduapp\jsreport\node_modules\@jsreport\jsreport-core\lib\shared\listenerCollection.js:157:32)
    at async beforeRender (C:\Users\Usuario\Desktop\PROJECTS\EDUAPP\eduapp\jsreport\node_modules\@jsreport\jsreport-core\lib\worker\render\render.js:26:5)
    at async WorkerReporter._render (C:\Users\Usuario\Desktop\PROJECTS\EDUAPP\eduapp\jsreport\node_modules\@jsreport\jsreport-core\lib\worker\render\render.js:150:7)
    at async C:\Users\Usuario\Desktop\PROJECTS\EDUAPP\eduapp\jsreport\node_modules\@jsreport\jsreport-core\lib\worker\reporter.js:177:19
    at async Domain.<anonymous> (C:\Users\Usuario\Desktop\PROJECTS\EDUAPP\eduapp\jsreport\node_modules\@jsreport\advanced-workers\lib\workerHandler.js:141:19) rootId=idqrj1xq8x914fb, id=idqrj1xq8x914fb
2022-01-23T23:58:30.919Z - warn: Rendering request 15 finished with error in 0 ms rootId=idqrj1xq8x914fb, id=idqrj1xq8x914fb
2022-01-23T23:58:30.922Z - warn: Error during processing request at http://localhost:5488/api/report
2022-01-24T00:02:38.860Z - info: Starting rendering request 16 (user: null) rootId=3e3f9w6a0mv6ilv, id=3e3f9w6a0mv6ilv
2022-01-24T00:02:38.861Z - info: Rendering template { name: Test1, recipe: chrome-pdf, engine: handlebars, preview: false } rootId=3e3f9w6a0mv6ilv, id=3e3f9w6a0mv6ilv
2022-01-24T00:02:38.978Z - info: Rendering request 16 finished in 118 ms rootId=3e3f9w6a0mv6ilv, id=3e3f9w6a0mv6ilv
2022-01-24T00:03:24.950Z - info: Starting rendering request 17 (user: null) rootId=jxsomuluwtsmuff, id=jxsomuluwtsmuff
2022-01-24T00:03:24.951Z - info: Rendering template { name: Test1, recipe: chrome-pdf, engine: handlebars, preview: true } rootId=jxsomuluwtsmuff, id=jxsomuluwtsmuff
2022-01-24T00:03:25.115Z - info: Rendering request 17 finished in 167 ms rootId=jxsomuluwtsmuff, id=jxsomuluwtsmuff
2022-01-24T00:03:43.901Z - info: Starting rendering request 18 (user: null) rootId=m570a7vluq8lcez, id=m570a7vluq8lcez
2022-01-24T00:03:43.901Z - info: Rendering template { name: Test1, recipe: chrome-pdf, engine: handlebars, preview: false } rootId=m570a7vluq8lcez, id=m570a7vluq8lcez
2022-01-24T00:03:44.019Z - info: Rendering request 18 finished in 119 ms rootId=m570a7vluq8lcez, id=m570a7vluq8lcez
2022-01-24T00:04:35.973Z - info: Starting rendering request 19 (user: null) rootId=e8rlp1dr1abgkyf, id=e8rlp1dr1abgkyf
2022-01-24T00:04:35.974Z - info: Rendering template { name: Test1, recipe: chrome-pdf, engine: handlebars, preview: false } rootId=e8rlp1dr1abgkyf, id=e8rlp1dr1abgkyf
2022-01-24T00:04:36.111Z - info: Rendering request 19 finished in 138 ms rootId=e8rlp1dr1abgkyf, id=e8rlp1dr1abgkyf
2022-01-24T00:19:36.266Z - info: Starting rendering request 20 (user: null) rootId=bxowrojb8b6bmmh, id=bxowrojb8b6bmmh
2022-01-24T00:19:36.266Z - info: Rendering template { name: Test1, recipe: chrome-pdf, engine: handlebars, preview: false } rootId=bxowrojb8b6bmmh, id=bxowrojb8b6bmmh
2022-01-24T00:19:36.404Z - info: Rendering request 20 finished in 138 ms rootId=bxowrojb8b6bmmh, id=bxowrojb8b6bmmh
2022-01-24T00:41:19.571Z - info: Initializing jsreport (version: 3.3.0, configuration file: jsreport.config.json, nodejs: 16.13.2)
2022-01-24T00:41:19.573Z - info: Searching for available extensions in C:\Users\Usuario\Desktop\PROJECTS\EDUAPP\eduapp\jsreport\
2022-01-24T00:41:19.578Z - info: Extensions location cache contains up to date information, skipping crawling in C:\Users\Usuario\Desktop\PROJECTS\EDUAPP\eduapp\jsreport\
2022-01-24T00:41:19.588Z - info: Found 35 extension(s)
2022-01-24T00:41:19.655Z - info: Using extension base@3.0.0
2022-01-24T00:41:19.659Z - info: Using extension child-templates@3.0.1
2022-01-24T00:41:19.662Z - info: Using extension cli@3.0.0
2022-01-24T00:41:19.663Z - info: Using extension components@3.2.0
2022-01-24T00:41:19.666Z - info: Using extension data@3.0.1
2022-01-24T00:41:19.667Z - info: Using extension express@3.2.1
2022-01-24T00:41:19.971Z - info: Using extension freeze@3.0.1
2022-01-24T00:41:19.973Z - info: Using extension fs-store@3.0.0
2022-01-24T00:41:20.064Z - info: Using extension handlebars@3.0.0
2022-01-24T00:41:20.066Z - info: Using extension import-export@3.0.2
2022-01-24T00:41:20.077Z - info: Using extension jsrender@3.0.0
2022-01-24T00:41:20.078Z - info: Using extension licensing@3.0.1
2022-01-24T00:41:20.103Z - info: Using extension localization@3.1.1
2022-01-24T00:41:20.104Z - info: Using extension npm@3.1.0
2022-01-24T00:41:20.109Z - info: Using extension pdf-utils@3.2.0
2022-01-24T00:41:20.111Z - info: Using extension reports@3.0.1
2022-01-24T00:41:20.114Z - info: Using extension tags@3.1.0
2022-01-24T00:41:20.117Z - info: Using extension text@3.0.0
2022-01-24T00:41:20.117Z - info: Using extension version-control@3.0.1
2022-01-24T00:41:20.136Z - info: Using extension assets@3.2.0
2022-01-24T00:41:20.149Z - info: Using extension authorization@3.2.0
2022-01-24T00:41:20.154Z - info: Using extension browser-client@3.1.0
2022-01-24T00:41:20.157Z - info: Using extension chrome-pdf@3.1.0
2022-01-24T00:41:20.160Z - info: Using extension docx@3.1.0
2022-01-24T00:41:20.162Z - info: Using extension html-to-xlsx@3.1.0
2022-01-24T00:41:20.230Z - info: html-to-xlsx detected chrome as available html engine
2022-01-24T00:41:20.230Z - info: Using extension pptx@3.1.0
2022-01-24T00:41:20.232Z - info: Using extension scheduling@3.0.1
2022-01-24T00:41:20.274Z - info: Using extension scripts@3.2.0
2022-01-24T00:41:20.275Z - info: Using extension static-pdf@3.0.0
2022-01-24T00:41:20.276Z - info: Using extension studio@3.3.0
2022-01-24T00:41:20.367Z - info: Using extension xlsx@3.1.0
2022-01-24T00:41:20.394Z - info: Using extension public-templates@3.0.0
2022-01-24T00:41:20.396Z - info: Using extension sample-template@3.1.0
2022-01-24T00:41:20.398Z - info: Using extension studio-theme-dark@3.0.1
2022-01-24T00:41:20.399Z - info: Using general timeout for rendering (reportTimeout: 60000)
2022-01-24T00:41:20.399Z - info: Using fs provider for template store.
2022-01-24T00:41:20.403Z - info: fs store is persisting using fs for C:\Users\Usuario\Desktop\PROJECTS\EDUAPP\eduapp\jsreport\data
2022-01-24T00:41:20.406Z - info: fs store is loading data
2022-01-24T00:41:20.419Z - info: fs store is initialized successfully
2022-01-24T00:41:20.428Z - info: Creating default express app.
2022-01-24T00:41:20.453Z - info: jsreport server successfully started on http port: 5488
2022-01-24T00:41:20.454Z - info: Verifying license key free
2022-01-24T00:41:20.455Z - info: Using free license
2022-01-24T00:41:20.458Z - info: Initializing worker threads
2022-01-24T00:41:20.648Z - info: 2 worker threads initialized in 190ms
2022-01-24T00:41:20.648Z - info: Starting temp files cleanup with 180000ms threshold
2022-01-24T00:41:20.649Z - info: reporter initialized
2022-01-24T00:51:31.487Z - info: Initializing jsreport (version: 3.3.0, configuration file: jsreport.config.json, nodejs: 16.13.2)
2022-01-24T00:51:31.489Z - info: Searching for available extensions in C:\Users\Usuario\Desktop\PROJECTS\EDUAPP\eduapp\jsreport\
2022-01-24T00:51:31.493Z - info: Extensions location cache contains up to date information, skipping crawling in C:\Users\Usuario\Desktop\PROJECTS\EDUAPP\eduapp\jsreport\
2022-01-24T00:51:31.502Z - info: Found 35 extension(s)
2022-01-24T00:51:31.556Z - info: Using extension base@3.0.0
2022-01-24T00:51:31.560Z - info: Using extension child-templates@3.0.1
2022-01-24T00:51:31.563Z - info: Using extension cli@3.0.0
2022-01-24T00:51:31.564Z - info: Using extension components@3.2.0
2022-01-24T00:51:31.565Z - info: Using extension data@3.0.1
2022-01-24T00:51:31.566Z - info: Using extension express@3.2.1
2022-01-24T00:51:31.766Z - info: Using extension freeze@3.0.1
2022-01-24T00:51:31.768Z - info: Using extension fs-store@3.0.0
2022-01-24T00:51:31.829Z - info: Using extension handlebars@3.0.0
2022-01-24T00:51:31.831Z - info: Using extension import-export@3.0.2
2022-01-24T00:51:31.839Z - info: Using extension jsrender@3.0.0
2022-01-24T00:51:31.840Z - info: Using extension licensing@3.0.1
2022-01-24T00:51:31.858Z - info: Using extension localization@3.1.1
2022-01-24T00:51:31.859Z - info: Using extension npm@3.1.0
2022-01-24T00:51:31.863Z - info: Using extension pdf-utils@3.2.0
2022-01-24T00:51:31.864Z - info: Using extension reports@3.0.1
2022-01-24T00:51:31.867Z - info: Using extension tags@3.1.0
2022-01-24T00:51:31.868Z - info: Using extension text@3.0.0
2022-01-24T00:51:31.869Z - info: Using extension version-control@3.0.1
2022-01-24T00:51:31.882Z - info: Using extension assets@3.2.0
2022-01-24T00:51:31.892Z - info: Using extension authorization@3.2.0
2022-01-24T00:51:31.896Z - info: Using extension browser-client@3.1.0
2022-01-24T00:51:31.898Z - info: Using extension chrome-pdf@3.1.0
2022-01-24T00:51:31.900Z - info: Using extension docx@3.1.0
2022-01-24T00:51:31.902Z - info: Using extension html-to-xlsx@3.1.0
2022-01-24T00:51:31.964Z - info: html-to-xlsx detected chrome as available html engine
2022-01-24T00:51:31.965Z - info: Using extension pptx@3.1.0
2022-01-24T00:51:31.967Z - info: Using extension scheduling@3.0.1
2022-01-24T00:51:32.002Z - info: Using extension scripts@3.2.0
2022-01-24T00:51:32.003Z - info: Using extension static-pdf@3.0.0
2022-01-24T00:51:32.004Z - info: Using extension studio@3.3.0
2022-01-24T00:51:32.072Z - info: Using extension xlsx@3.1.0
2022-01-24T00:51:32.089Z - info: Using extension public-templates@3.0.0
2022-01-24T00:51:32.090Z - info: Using extension sample-template@3.1.0
2022-01-24T00:51:32.092Z - info: Using extension studio-theme-dark@3.0.1
2022-01-24T00:51:32.093Z - info: Using general timeout for rendering (reportTimeout: 60000)
2022-01-24T00:51:32.093Z - info: Using fs provider for template store.
2022-01-24T00:51:32.097Z - info: fs store is persisting using fs for C:\Users\Usuario\Desktop\PROJECTS\EDUAPP\eduapp\jsreport\data
2022-01-24T00:51:32.100Z - info: fs store is loading data
2022-01-24T00:51:32.113Z - info: fs store is initialized successfully
2022-01-24T00:51:32.121Z - info: Creating default express app.
2022-01-24T00:51:32.135Z - info: jsreport server successfully started on http port: 5488
2022-01-24T00:51:32.136Z - info: Verifying license key free
2022-01-24T00:51:32.136Z - info: Using free license
2022-01-24T00:51:32.139Z - info: Initializing worker threads
2022-01-24T00:51:32.296Z - info: 2 worker threads initialized in 157ms
2022-01-24T00:51:32.296Z - info: Starting temp files cleanup with 180000ms threshold
2022-01-24T00:51:32.297Z - info: reporter initialized
2022-01-24T00:53:39.019Z - info: Starting rendering request 1 (user: null) rootId=iz61soj35s8mmzz, id=iz61soj35s8mmzz
2022-01-24T00:53:39.019Z - info: Rendering template { name: Test1, recipe: chrome-pdf, engine: handlebars, preview: false } rootId=iz61soj35s8mmzz, id=iz61soj35s8mmzz
2022-01-24T00:53:39.718Z - info: Rendering request 1 finished in 750 ms rootId=iz61soj35s8mmzz, id=iz61soj35s8mmzz
2022-01-24T00:56:49.344Z - info: Starting rendering request 2 (user: null) rootId=mrv9ry3ksa0m22j, id=mrv9ry3ksa0m22j
2022-01-24T00:56:49.344Z - info: Rendering template { name: Test1, recipe: chrome-pdf, engine: handlebars, preview: false } rootId=mrv9ry3ksa0m22j, id=mrv9ry3ksa0m22j
2022-01-24T00:56:49.474Z - info: Rendering request 2 finished in 132 ms rootId=mrv9ry3ksa0m22j, id=mrv9ry3ksa0m22j
2022-01-24T00:58:05.675Z - info: Starting rendering request 3 (user: null) rootId=1mcves8vwgem3mp, id=1mcves8vwgem3mp
2022-01-24T00:58:05.675Z - info: Rendering template { name: Test1, recipe: chrome-pdf, engine: handlebars, preview: false } rootId=1mcves8vwgem3mp, id=1mcves8vwgem3mp
2022-01-24T00:58:05.886Z - info: Rendering request 3 finished in 214 ms rootId=1mcves8vwgem3mp, id=1mcves8vwgem3mp
2022-01-24T00:58:35.624Z - info: Starting rendering request 4 (user: null) rootId=fzgkfhosc6hlkhi, id=fzgkfhosc6hlkhi
2022-01-24T00:58:35.625Z - info: Rendering template { name: Test1, recipe: chrome-pdf, engine: handlebars, preview: false } rootId=fzgkfhosc6hlkhi, id=fzgkfhosc6hlkhi
2022-01-24T00:58:35.779Z - info: Rendering request 4 finished in 157 ms rootId=fzgkfhosc6hlkhi, id=fzgkfhosc6hlkhi
2022-01-24T00:59:12.231Z - info: Starting rendering request 5 (user: null) rootId=v9zffejn67njt2x, id=v9zffejn67njt2x
2022-01-24T00:59:12.231Z - info: Rendering template { name: Test1, recipe: chrome-pdf, engine: handlebars, preview: false } rootId=v9zffejn67njt2x, id=v9zffejn67njt2x
2022-01-24T00:59:12.414Z - info: Rendering request 5 finished in 185 ms rootId=v9zffejn67njt2x, id=v9zffejn67njt2x
2022-01-24T00:59:48.923Z - info: Starting rendering request 6 (user: null) rootId=h44u56dxvx9fbvo, id=h44u56dxvx9fbvo
2022-01-24T00:59:48.923Z - info: Rendering template { name: Test1, recipe: chrome-pdf, engine: handlebars, preview: false } rootId=h44u56dxvx9fbvo, id=h44u56dxvx9fbvo
2022-01-24T00:59:49.070Z - info: Rendering request 6 finished in 148 ms rootId=h44u56dxvx9fbvo, id=h44u56dxvx9fbvo
2022-01-24T01:00:10.802Z - info: Starting rendering request 7 (user: null) rootId=axv2gnwxnbfjz3p, id=axv2gnwxnbfjz3p
2022-01-24T01:00:10.803Z - info: Rendering template { name: Test1, recipe: chrome-pdf, engine: handlebars, preview: false } rootId=axv2gnwxnbfjz3p, id=axv2gnwxnbfjz3p
2022-01-24T01:00:10.803Z - warn: Error when processing render request 7 Request data can not be an array. you should pass an object in request.data input Error: Request data can not be an array. you should pass an object in request.data input
    at module.exports (C:\Users\Usuario\Desktop\PROJECTS\EDUAPP\eduapp\jsreport\node_modules\@jsreport\jsreport-core\lib\shared\createError.js:10:13)
    at WorkerReporter.createError (C:\Users\Usuario\Desktop\PROJECTS\EDUAPP\eduapp\jsreport\node_modules\@jsreport\jsreport-core\lib\shared\reporter.js:47:12)
    at invokeRender (C:\Users\Usuario\Desktop\PROJECTS\EDUAPP\eduapp\jsreport\node_modules\@jsreport\jsreport-core\lib\worker\render\render.js:50:22)
    at WorkerReporter._render (C:\Users\Usuario\Desktop\PROJECTS\EDUAPP\eduapp\jsreport\node_modules\@jsreport\jsreport-core\lib\worker\render\render.js:151:13)
    at processTicksAndRejections (node:internal/process/task_queues:96:5)
    at async C:\Users\Usuario\Desktop\PROJECTS\EDUAPP\eduapp\jsreport\node_modules\@jsreport\jsreport-core\lib\worker\reporter.js:177:19
    at async Domain.<anonymous> (C:\Users\Usuario\Desktop\PROJECTS\EDUAPP\eduapp\jsreport\node_modules\@jsreport\advanced-workers\lib\workerHandler.js:141:19) rootId=axv2gnwxnbfjz3p, id=axv2gnwxnbfjz3p
2022-01-24T01:00:10.804Z - warn: Rendering request 7 finished with error in 2 ms rootId=axv2gnwxnbfjz3p, id=axv2gnwxnbfjz3p
2022-01-24T01:00:10.807Z - warn: Error during processing request at http://localhost:5488/api/report
2022-01-24T01:00:15.248Z - info: Starting rendering request 8 (user: null) rootId=zslqojrxgh7qj50, id=zslqojrxgh7qj50
2022-01-24T01:00:15.249Z - info: Rendering template { name: Test1, recipe: chrome-pdf, engine: handlebars, preview: false } rootId=zslqojrxgh7qj50, id=zslqojrxgh7qj50
2022-01-24T01:00:15.250Z - warn: Error when processing render request 8 Request data can not be an array. you should pass an object in request.data input Error: Request data can not be an array. you should pass an object in request.data input
    at module.exports (C:\Users\Usuario\Desktop\PROJECTS\EDUAPP\eduapp\jsreport\node_modules\@jsreport\jsreport-core\lib\shared\createError.js:10:13)
    at WorkerReporter.createError (C:\Users\Usuario\Desktop\PROJECTS\EDUAPP\eduapp\jsreport\node_modules\@jsreport\jsreport-core\lib\shared\reporter.js:47:12)
    at invokeRender (C:\Users\Usuario\Desktop\PROJECTS\EDUAPP\eduapp\jsreport\node_modules\@jsreport\jsreport-core\lib\worker\render\render.js:50:22)
    at WorkerReporter._render (C:\Users\Usuario\Desktop\PROJECTS\EDUAPP\eduapp\jsreport\node_modules\@jsreport\jsreport-core\lib\worker\render\render.js:151:13)
    at processTicksAndRejections (node:internal/process/task_queues:96:5)
    at async C:\Users\Usuario\Desktop\PROJECTS\EDUAPP\eduapp\jsreport\node_modules\@jsreport\jsreport-core\lib\worker\reporter.js:177:19
    at async Domain.<anonymous> (C:\Users\Usuario\Desktop\PROJECTS\EDUAPP\eduapp\jsreport\node_modules\@jsreport\advanced-workers\lib\workerHandler.js:141:19) rootId=zslqojrxgh7qj50, id=zslqojrxgh7qj50
2022-01-24T01:00:15.251Z - warn: Rendering request 8 finished with error in 3 ms rootId=zslqojrxgh7qj50, id=zslqojrxgh7qj50
2022-01-24T01:00:15.254Z - warn: Error during processing request at http://localhost:5488/api/report
2022-01-24T01:00:35.765Z - info: Starting rendering request 9 (user: null) rootId=s14hj3mciynvlop, id=s14hj3mciynvlop
2022-01-24T01:00:35.766Z - info: Rendering template { name: Test1, recipe: chrome-pdf, engine: handlebars, preview: false } rootId=s14hj3mciynvlop, id=s14hj3mciynvlop
2022-01-24T01:00:35.891Z - info: Rendering request 9 finished in 128 ms rootId=s14hj3mciynvlop, id=s14hj3mciynvlop
2022-01-24T01:00:52.729Z - info: Starting rendering request 10 (user: null) rootId=zz2y7xpdrks1w0o, id=zz2y7xpdrks1w0o
2022-01-24T01:00:52.730Z - info: Rendering template { name: Test1, recipe: chrome-pdf, engine: handlebars, preview: false } rootId=zz2y7xpdrks1w0o, id=zz2y7xpdrks1w0o
2022-01-24T01:00:52.730Z - warn: Error when processing render request 10 Request data can not be an array. you should pass an object in request.data input Error: Request data can not be an array. you should pass an object in request.data input
    at module.exports (C:\Users\Usuario\Desktop\PROJECTS\EDUAPP\eduapp\jsreport\node_modules\@jsreport\jsreport-core\lib\shared\createError.js:10:13)
    at WorkerReporter.createError (C:\Users\Usuario\Desktop\PROJECTS\EDUAPP\eduapp\jsreport\node_modules\@jsreport\jsreport-core\lib\shared\reporter.js:47:12)
    at invokeRender (C:\Users\Usuario\Desktop\PROJECTS\EDUAPP\eduapp\jsreport\node_modules\@jsreport\jsreport-core\lib\worker\render\render.js:50:22)
    at WorkerReporter._render (C:\Users\Usuario\Desktop\PROJECTS\EDUAPP\eduapp\jsreport\node_modules\@jsreport\jsreport-core\lib\worker\render\render.js:151:13)
    at processTicksAndRejections (node:internal/process/task_queues:96:5)
    at async C:\Users\Usuario\Desktop\PROJECTS\EDUAPP\eduapp\jsreport\node_modules\@jsreport\jsreport-core\lib\worker\reporter.js:177:19
    at async Domain.<anonymous> (C:\Users\Usuario\Desktop\PROJECTS\EDUAPP\eduapp\jsreport\node_modules\@jsreport\advanced-workers\lib\workerHandler.js:141:19) rootId=zz2y7xpdrks1w0o, id=zz2y7xpdrks1w0o
2022-01-24T01:00:52.731Z - warn: Rendering request 10 finished with error in 2 ms rootId=zz2y7xpdrks1w0o, id=zz2y7xpdrks1w0o
2022-01-24T01:00:52.734Z - warn: Error during processing request at http://localhost:5488/api/report
2022-01-24T01:01:09.221Z - info: Starting rendering request 11 (user: null) rootId=qgxdplrhsqc907p, id=qgxdplrhsqc907p
2022-01-24T01:01:09.221Z - info: Rendering template { name: Test1, recipe: chrome-pdf, engine: handlebars, preview: false } rootId=qgxdplrhsqc907p, id=qgxdplrhsqc907p
2022-01-24T01:01:09.345Z - info: Rendering request 11 finished in 124 ms rootId=qgxdplrhsqc907p, id=qgxdplrhsqc907p
2022-01-24T01:03:08.263Z - info: Starting rendering request 12 (user: null) rootId=katr2kypbuykphw, id=katr2kypbuykphw
2022-01-24T01:03:08.264Z - info: Rendering template { name: Test1, recipe: chrome-pdf, engine: handlebars, preview: false } rootId=katr2kypbuykphw, id=katr2kypbuykphw
2022-01-24T01:03:08.413Z - info: Rendering request 12 finished in 152 ms rootId=katr2kypbuykphw, id=katr2kypbuykphw
2022-01-24T01:03:21.465Z - info: Starting rendering request 13 (user: null) rootId=1r9eyef5yup4kaj, id=1r9eyef5yup4kaj
2022-01-24T01:03:21.465Z - info: Rendering template { name: Test1, recipe: chrome-pdf, engine: handlebars, preview: false } rootId=1r9eyef5yup4kaj, id=1r9eyef5yup4kaj
2022-01-24T01:03:21.601Z - info: Rendering request 13 finished in 138 ms rootId=1r9eyef5yup4kaj, id=1r9eyef5yup4kaj
2022-01-24T01:03:37.229Z - info: Starting rendering request 14 (user: null) rootId=5m359txs5myhn1e, id=5m359txs5myhn1e
2022-01-24T01:03:37.229Z - info: Rendering template { name: Test1, recipe: chrome-pdf, engine: handlebars, preview: false } rootId=5m359txs5myhn1e, id=5m359txs5myhn1e
2022-01-24T01:03:37.371Z - info: Rendering request 14 finished in 145 ms rootId=5m359txs5myhn1e, id=5m359txs5myhn1e
2022-01-24T01:16:39.861Z - info: Starting rendering request 15 (user: null) rootId=prqjxucjxitnumt, id=prqjxucjxitnumt
2022-01-24T01:16:39.861Z - info: Rendering template { name: Test1, recipe: chrome-pdf, engine: handlebars, preview: false } rootId=prqjxucjxitnumt, id=prqjxucjxitnumt
2022-01-24T01:16:40.029Z - info: Rendering request 15 finished in 171 ms rootId=prqjxucjxitnumt, id=prqjxucjxitnumt
2022-02-02T17:35:37.449Z - info: Initializing jsreport (version: 3.3.0, configuration file: jsreport.config.json, nodejs: 16.13.2)
2022-02-02T17:35:37.453Z - info: Searching for available extensions in /Users/felixmv/Desktop/School/Eduapp/eduapp/jsreport/
2022-02-02T17:35:37.460Z - info: Extensions location cache contains up to date information, skipping crawling in /Users/felixmv/Desktop/School/Eduapp/eduapp/jsreport/
2022-02-02T17:35:37.467Z - info: Found 35 extension(s)
2022-02-02T17:35:37.566Z - info: Using extension base@3.0.0
2022-02-02T17:35:37.571Z - info: Using extension child-templates@3.0.1
2022-02-02T17:35:37.575Z - info: Using extension cli@3.0.0
2022-02-02T17:35:37.579Z - info: Using extension components@3.2.0
2022-02-02T17:35:37.581Z - info: Using extension data@3.0.1
2022-02-02T17:35:37.582Z - info: Using extension express@3.2.1
2022-02-02T17:35:37.935Z - info: Using extension freeze@3.0.1
2022-02-02T17:35:37.937Z - info: Using extension fs-store@3.0.0
2022-02-02T17:35:38.061Z - info: Using extension handlebars@3.0.0
2022-02-02T17:35:38.063Z - info: Using extension import-export@3.0.2
2022-02-02T17:35:38.079Z - info: Using extension jsrender@3.0.0
2022-02-02T17:35:38.080Z - info: Using extension licensing@3.0.1
2022-02-02T17:35:38.111Z - info: Using extension localization@3.1.1
2022-02-02T17:35:38.116Z - info: Using extension npm@3.1.0
2022-02-02T17:35:38.126Z - info: Using extension pdf-utils@3.2.0
2022-02-02T17:35:38.130Z - info: Using extension reports@3.0.1
2022-02-02T17:35:38.132Z - info: Using extension tags@3.1.0
2022-02-02T17:35:38.134Z - info: Using extension text@3.0.0
2022-02-02T17:35:38.138Z - info: Using extension version-control@3.0.1
2022-02-02T17:35:38.167Z - info: Using extension assets@3.2.0
2022-02-02T17:35:38.181Z - info: Using extension authorization@3.2.0
2022-02-02T17:35:38.186Z - info: Using extension browser-client@3.1.0
2022-02-02T17:35:38.189Z - info: Using extension chrome-pdf@3.1.0
2022-02-02T17:35:38.192Z - info: Using extension docx@3.1.0
2022-02-02T17:35:38.194Z - info: Using extension html-to-xlsx@3.1.0
2022-02-02T17:35:38.297Z - info: html-to-xlsx detected chrome as available html engine
2022-02-02T17:35:38.298Z - info: Using extension pptx@3.1.0
2022-02-02T17:35:38.300Z - info: Using extension scheduling@3.0.1
2022-02-02T17:35:38.338Z - info: Using extension scripts@3.2.0
2022-02-02T17:35:38.339Z - info: Using extension static-pdf@3.0.0
2022-02-02T17:35:38.340Z - info: Using extension studio@3.3.0
2022-02-02T17:35:38.479Z - info: Using extension xlsx@3.1.0
2022-02-02T17:35:38.510Z - info: Using extension public-templates@3.0.0
2022-02-02T17:35:38.511Z - info: Using extension sample-template@3.1.0
2022-02-02T17:35:38.514Z - info: Using extension studio-theme-dark@3.0.1
2022-02-02T17:35:38.516Z - info: Using general timeout for rendering (reportTimeout: 60000)
2022-02-02T17:35:38.517Z - info: Using fs provider for template store.
2022-02-02T17:35:38.524Z - info: fs store is persisting using fs for /Users/felixmv/Desktop/School/Eduapp/eduapp/jsreport/data
2022-02-02T17:35:38.527Z - info: fs store is loading data
2022-02-02T17:35:38.546Z - info: fs store is initialized successfully
2022-02-02T17:35:38.558Z - info: Creating default express app.
2022-02-02T17:35:38.586Z - info: jsreport server successfully started on http port: 5488
2022-02-02T17:35:38.587Z - info: Verifying license key free
2022-02-02T17:35:38.588Z - info: Using free license
2022-02-02T17:35:38.591Z - info: Initializing worker threads
2022-02-02T17:35:38.814Z - info: 2 worker threads initialized in 223ms
2022-02-02T17:35:38.814Z - info: Starting temp files cleanup with 180000ms threshold
2022-02-02T17:35:38.815Z - info: reporter initialized
2022-02-02T17:36:00.049Z - info: Starting rendering request 1 (user: null) rootId=i10cavph3w09498, id=i10cavph3w09498
2022-02-02T17:36:00.049Z - info: Rendering template { name: Test1, recipe: chrome-pdf, engine: handlebars, preview: true } rootId=i10cavph3w09498, id=i10cavph3w09498
2022-02-02T17:36:01.244Z - info: Rendering request 1 finished in 1267 ms rootId=i10cavph3w09498, id=i10cavph3w09498
2022-02-02T17:40:04.304Z - info: Starting rendering request 2 (user: null) rootId=7zp3lmz3ms1jeeu, id=7zp3lmz3ms1jeeu
2022-02-02T17:40:04.304Z - info: Rendering template { name: Test1, recipe: chrome-pdf, engine: handlebars, preview: true } rootId=7zp3lmz3ms1jeeu, id=7zp3lmz3ms1jeeu
2022-02-02T17:40:04.595Z - info: Rendering request 2 finished in 294 ms rootId=7zp3lmz3ms1jeeu, id=7zp3lmz3ms1jeeu
2022-02-02T17:41:39.620Z - info: Starting rendering request 3 (user: null) rootId=f3hd3lvtkyjp4ua, id=f3hd3lvtkyjp4ua
2022-02-02T17:41:39.621Z - info: Rendering template { name: Test1, recipe: chrome-pdf, engine: handlebars, preview: true } rootId=f3hd3lvtkyjp4ua, id=f3hd3lvtkyjp4ua
2022-02-02T17:41:39.882Z - info: Rendering request 3 finished in 264 ms rootId=f3hd3lvtkyjp4ua, id=f3hd3lvtkyjp4ua
2022-02-02T17:41:58.645Z - info: Starting rendering request 4 (user: null) rootId=kpzrm1ocbvwqn52, id=kpzrm1ocbvwqn52
2022-02-02T17:41:58.646Z - info: Rendering template { name: Test1, recipe: chrome-pdf, engine: handlebars, preview: true } rootId=kpzrm1ocbvwqn52, id=kpzrm1ocbvwqn52
2022-02-02T17:41:58.965Z - info: Rendering request 4 finished in 326 ms rootId=kpzrm1ocbvwqn52, id=kpzrm1ocbvwqn52
2022-02-02T17:42:23.970Z - info: Starting rendering request 5 (user: null) rootId=0yvyzzahj6hvqtq, id=0yvyzzahj6hvqtq
2022-02-02T17:42:23.970Z - info: Rendering template { name: Test1, recipe: chrome-pdf, engine: handlebars, preview: true } rootId=0yvyzzahj6hvqtq, id=0yvyzzahj6hvqtq
2022-02-02T17:42:24.205Z - info: Rendering request 5 finished in 237 ms rootId=0yvyzzahj6hvqtq, id=0yvyzzahj6hvqtq
2022-02-02T17:43:03.909Z - info: Starting rendering request 6 (user: null) rootId=9d65z6zhkeidvjm, id=9d65z6zhkeidvjm
2022-02-02T17:43:03.909Z - info: Rendering template { name: Test1, recipe: chrome-pdf, engine: handlebars, preview: true } rootId=9d65z6zhkeidvjm, id=9d65z6zhkeidvjm
2022-02-02T17:43:04.239Z - info: Rendering request 6 finished in 329 ms rootId=9d65z6zhkeidvjm, id=9d65z6zhkeidvjm
2022-02-02T17:44:52.038Z - info: Starting rendering request 7 (user: null) rootId=mpoy15punlwldup, id=mpoy15punlwldup
2022-02-02T17:44:52.039Z - info: Rendering template { name: Test1, recipe: chrome-pdf, engine: handlebars, preview: true } rootId=mpoy15punlwldup, id=mpoy15punlwldup
2022-02-02T17:44:52.055Z - warn: Error when processing render request 7 Error when evaluating engine handlebars for template /EduappReport/Test1/Test1
Parse error on line 65:
.../li>            {{ #each data}}       
----------------------^
Expecting 'ID', 'STRING', 'NUMBER', 'BOOLEAN', 'UNDEFINED', 'NULL', 'DATA', got 'INVALID' Error: Parse error on line 65:
.../li>            {{ #each data}}       
----------------------^
Expecting 'ID', 'STRING', 'NUMBER', 'BOOLEAN', 'UNDEFINED', 'NULL', 'DATA', got 'INVALID'
    at Parser.parseError (/Users/felixmv/Desktop/School/Eduapp/eduapp/jsreport/node_modules/handlebars/dist/cjs/handlebars/compiler/parser.js:267:19)
    at Parser.parse (/Users/felixmv/Desktop/School/Eduapp/eduapp/jsreport/node_modules/handlebars/dist/cjs/handlebars/compiler/parser.js:336:30)
    at parseWithoutProcessing (/Users/felixmv/Desktop/School/Eduapp/eduapp/jsreport/node_modules/handlebars/dist/cjs/handlebars/compiler/base.js:46:33)
    at HandlebarsEnvironment.parse (/Users/felixmv/Desktop/School/Eduapp/eduapp/jsreport/node_modules/handlebars/dist/cjs/handlebars/compiler/base.js:52:13)
    at Object.precompile (/Users/felixmv/Desktop/School/Eduapp/eduapp/jsreport/node_modules/handlebars/dist/cjs/handlebars/compiler/compiler.js:485:17)
    at HandlebarsEnvironment.hb.precompile (/Users/felixmv/Desktop/School/Eduapp/eduapp/jsreport/node_modules/handlebars/dist/cjs/handlebars.js:42:40)
    at Object.compile (/Users/felixmv/Desktop/School/Eduapp/eduapp/jsreport/node_modules/@jsreport/jsreport-handlebars/lib/handlebarsEngine.js:33:52)
    at Object.compile (/Users/felixmv/Desktop/School/Eduapp/eduapp/jsreport/node_modules/@jsreport/jsreport-handlebars/lib/worker.js:25:43)
    at executionFn (/Users/felixmv/Desktop/School/Eduapp/eduapp/jsreport/node_modules/@jsreport/jsreport-core/lib/worker/render/executeEngine.js:114:33)
    at Object.base.apply (/Users/felixmv/Desktop/School/Eduapp/eduapp/jsreport/node_modules/vm2/lib/contextify.js:644:32) rootId=mpoy15punlwldup, id=mpoy15punlwldup
2022-02-02T17:44:52.057Z - warn: Rendering request 7 finished with error in 23 ms rootId=mpoy15punlwldup, id=mpoy15punlwldup
2022-02-02T17:45:00.407Z - info: Starting rendering request 8 (user: null) rootId=r71kpz2386k7d75, id=r71kpz2386k7d75
2022-02-02T17:45:00.408Z - info: Rendering template { name: Test1, recipe: chrome-pdf, engine: handlebars, preview: true } rootId=r71kpz2386k7d75, id=r71kpz2386k7d75
2022-02-02T17:45:00.422Z - warn: Error when processing render request 8 Error when evaluating engine handlebars for template /EduappReport/Test1/Test1
Parse error on line 65:
.../li>            {{ #each data }}      
----------------------^
Expecting 'ID', 'STRING', 'NUMBER', 'BOOLEAN', 'UNDEFINED', 'NULL', 'DATA', got 'INVALID' Error: Parse error on line 65:
.../li>            {{ #each data }}      
----------------------^
Expecting 'ID', 'STRING', 'NUMBER', 'BOOLEAN', 'UNDEFINED', 'NULL', 'DATA', got 'INVALID'
    at Parser.parseError (/Users/felixmv/Desktop/School/Eduapp/eduapp/jsreport/node_modules/handlebars/dist/cjs/handlebars/compiler/parser.js:267:19)
    at Parser.parse (/Users/felixmv/Desktop/School/Eduapp/eduapp/jsreport/node_modules/handlebars/dist/cjs/handlebars/compiler/parser.js:336:30)
    at parseWithoutProcessing (/Users/felixmv/Desktop/School/Eduapp/eduapp/jsreport/node_modules/handlebars/dist/cjs/handlebars/compiler/base.js:46:33)
    at HandlebarsEnvironment.parse (/Users/felixmv/Desktop/School/Eduapp/eduapp/jsreport/node_modules/handlebars/dist/cjs/handlebars/compiler/base.js:52:13)
    at Object.precompile (/Users/felixmv/Desktop/School/Eduapp/eduapp/jsreport/node_modules/handlebars/dist/cjs/handlebars/compiler/compiler.js:485:17)
    at HandlebarsEnvironment.hb.precompile (/Users/felixmv/Desktop/School/Eduapp/eduapp/jsreport/node_modules/handlebars/dist/cjs/handlebars.js:42:40)
    at Object.compile (/Users/felixmv/Desktop/School/Eduapp/eduapp/jsreport/node_modules/@jsreport/jsreport-handlebars/lib/handlebarsEngine.js:33:52)
    at Object.compile (/Users/felixmv/Desktop/School/Eduapp/eduapp/jsreport/node_modules/@jsreport/jsreport-handlebars/lib/worker.js:25:43)
    at executionFn (/Users/felixmv/Desktop/School/Eduapp/eduapp/jsreport/node_modules/@jsreport/jsreport-core/lib/worker/render/executeEngine.js:114:33)
    at Object.base.apply (/Users/felixmv/Desktop/School/Eduapp/eduapp/jsreport/node_modules/vm2/lib/contextify.js:644:32) rootId=r71kpz2386k7d75, id=r71kpz2386k7d75
2022-02-02T17:45:00.441Z - warn: Rendering request 8 finished with error in 21 ms rootId=r71kpz2386k7d75, id=r71kpz2386k7d75
2022-02-02T17:45:06.394Z - info: Starting rendering request 9 (user: null) rootId=14ua0w6n3w83oht, id=14ua0w6n3w83oht
2022-02-02T17:45:06.395Z - info: Rendering template { name: Test1, recipe: chrome-pdf, engine: handlebars, preview: true } rootId=14ua0w6n3w83oht, id=14ua0w6n3w83oht
2022-02-02T17:45:06.414Z - warn: Error when processing render request 9 Error when evaluating engine handlebars for template /EduappReport/Test1/Test1
Parse error on line 65:
.../li>            {{ #each data }}      
----------------------^
Expecting 'ID', 'STRING', 'NUMBER', 'BOOLEAN', 'UNDEFINED', 'NULL', 'DATA', got 'INVALID' Error: Parse error on line 65:
.../li>            {{ #each data }}      
----------------------^
Expecting 'ID', 'STRING', 'NUMBER', 'BOOLEAN', 'UNDEFINED', 'NULL', 'DATA', got 'INVALID'
    at Parser.parseError (/Users/felixmv/Desktop/School/Eduapp/eduapp/jsreport/node_modules/handlebars/dist/cjs/handlebars/compiler/parser.js:267:19)
    at Parser.parse (/Users/felixmv/Desktop/School/Eduapp/eduapp/jsreport/node_modules/handlebars/dist/cjs/handlebars/compiler/parser.js:336:30)
    at parseWithoutProcessing (/Users/felixmv/Desktop/School/Eduapp/eduapp/jsreport/node_modules/handlebars/dist/cjs/handlebars/compiler/base.js:46:33)
    at HandlebarsEnvironment.parse (/Users/felixmv/Desktop/School/Eduapp/eduapp/jsreport/node_modules/handlebars/dist/cjs/handlebars/compiler/base.js:52:13)
    at Object.precompile (/Users/felixmv/Desktop/School/Eduapp/eduapp/jsreport/node_modules/handlebars/dist/cjs/handlebars/compiler/compiler.js:485:17)
    at HandlebarsEnvironment.hb.precompile (/Users/felixmv/Desktop/School/Eduapp/eduapp/jsreport/node_modules/handlebars/dist/cjs/handlebars.js:42:40)
    at Object.compile (/Users/felixmv/Desktop/School/Eduapp/eduapp/jsreport/node_modules/@jsreport/jsreport-handlebars/lib/handlebarsEngine.js:33:52)
    at Object.compile (/Users/felixmv/Desktop/School/Eduapp/eduapp/jsreport/node_modules/@jsreport/jsreport-handlebars/lib/worker.js:25:43)
    at executionFn (/Users/felixmv/Desktop/School/Eduapp/eduapp/jsreport/node_modules/@jsreport/jsreport-core/lib/worker/render/executeEngine.js:114:33)
    at Object.base.apply (/Users/felixmv/Desktop/School/Eduapp/eduapp/jsreport/node_modules/vm2/lib/contextify.js:644:32) rootId=14ua0w6n3w83oht, id=14ua0w6n3w83oht
2022-02-02T17:45:06.415Z - warn: Rendering request 9 finished with error in 24 ms rootId=14ua0w6n3w83oht, id=14ua0w6n3w83oht
2022-02-02T17:45:26.615Z - info: Starting rendering request 10 (user: null) rootId=q21dumzkah2pyw0, id=q21dumzkah2pyw0
2022-02-02T17:45:26.615Z - info: Rendering template { name: Test1, recipe: chrome-pdf, engine: handlebars, preview: true } rootId=q21dumzkah2pyw0, id=q21dumzkah2pyw0
2022-02-02T17:45:26.904Z - info: Rendering request 10 finished in 290 ms rootId=q21dumzkah2pyw0, id=q21dumzkah2pyw0
2022-02-02T17:45:53.377Z - info: Starting rendering request 11 (user: null) rootId=1685dl7ddhmfi8p, id=1685dl7ddhmfi8p
2022-02-02T17:45:53.377Z - info: Rendering template { name: Test1, recipe: chrome-pdf, engine: handlebars, preview: true } rootId=1685dl7ddhmfi8p, id=1685dl7ddhmfi8p
2022-02-02T17:45:53.393Z - warn: Error when processing render request 11 Error when evaluating engine handlebars for template /EduappReport/Test1/Test1
Parse error on line 65:
.../li>            {{ #each data}}       
----------------------^
Expecting 'ID', 'STRING', 'NUMBER', 'BOOLEAN', 'UNDEFINED', 'NULL', 'DATA', got 'INVALID' Error: Parse error on line 65:
.../li>            {{ #each data}}       
----------------------^
Expecting 'ID', 'STRING', 'NUMBER', 'BOOLEAN', 'UNDEFINED', 'NULL', 'DATA', got 'INVALID'
    at Parser.parseError (/Users/felixmv/Desktop/School/Eduapp/eduapp/jsreport/node_modules/handlebars/dist/cjs/handlebars/compiler/parser.js:267:19)
    at Parser.parse (/Users/felixmv/Desktop/School/Eduapp/eduapp/jsreport/node_modules/handlebars/dist/cjs/handlebars/compiler/parser.js:336:30)
    at parseWithoutProcessing (/Users/felixmv/Desktop/School/Eduapp/eduapp/jsreport/node_modules/handlebars/dist/cjs/handlebars/compiler/base.js:46:33)
    at HandlebarsEnvironment.parse (/Users/felixmv/Desktop/School/Eduapp/eduapp/jsreport/node_modules/handlebars/dist/cjs/handlebars/compiler/base.js:52:13)
    at Object.precompile (/Users/felixmv/Desktop/School/Eduapp/eduapp/jsreport/node_modules/handlebars/dist/cjs/handlebars/compiler/compiler.js:485:17)
    at HandlebarsEnvironment.hb.precompile (/Users/felixmv/Desktop/School/Eduapp/eduapp/jsreport/node_modules/handlebars/dist/cjs/handlebars.js:42:40)
    at Object.compile (/Users/felixmv/Desktop/School/Eduapp/eduapp/jsreport/node_modules/@jsreport/jsreport-handlebars/lib/handlebarsEngine.js:33:52)
    at Object.compile (/Users/felixmv/Desktop/School/Eduapp/eduapp/jsreport/node_modules/@jsreport/jsreport-handlebars/lib/worker.js:25:43)
    at executionFn (/Users/felixmv/Desktop/School/Eduapp/eduapp/jsreport/node_modules/@jsreport/jsreport-core/lib/worker/render/executeEngine.js:114:33)
    at Object.base.apply (/Users/felixmv/Desktop/School/Eduapp/eduapp/jsreport/node_modules/vm2/lib/contextify.js:644:32) rootId=1685dl7ddhmfi8p, id=1685dl7ddhmfi8p
2022-02-02T17:45:53.397Z - warn: Rendering request 11 finished with error in 20 ms rootId=1685dl7ddhmfi8p, id=1685dl7ddhmfi8p
2022-02-02T17:46:14.473Z - info: Starting rendering request 12 (user: null) rootId=z0k7zcr28lyrcv3, id=z0k7zcr28lyrcv3
2022-02-02T17:46:14.473Z - info: Rendering template { name: Test1, recipe: chrome-pdf, engine: handlebars, preview: true } rootId=z0k7zcr28lyrcv3, id=z0k7zcr28lyrcv3
2022-02-02T17:46:14.771Z - info: Rendering request 12 finished in 299 ms rootId=z0k7zcr28lyrcv3, id=z0k7zcr28lyrcv3
2022-02-02T17:46:39.917Z - info: Starting rendering request 13 (user: null) rootId=noiy2de5zbqfq8n, id=noiy2de5zbqfq8n
2022-02-02T17:46:39.917Z - info: Rendering template { name: Test1, recipe: chrome-pdf, engine: handlebars, preview: true } rootId=noiy2de5zbqfq8n, id=noiy2de5zbqfq8n
2022-02-02T17:46:40.232Z - info: Rendering request 13 finished in 316 ms rootId=noiy2de5zbqfq8n, id=noiy2de5zbqfq8n
2022-02-02T17:47:43.550Z - info: Starting rendering request 14 (user: null) rootId=uyfmkyfr6ri1au6, id=uyfmkyfr6ri1au6
2022-02-02T17:47:43.551Z - info: Rendering template { name: Test1, recipe: chrome-pdf, engine: handlebars, preview: false } rootId=uyfmkyfr6ri1au6, id=uyfmkyfr6ri1au6
2022-02-02T17:47:43.775Z - info: Rendering request 14 finished in 228 ms rootId=uyfmkyfr6ri1au6, id=uyfmkyfr6ri1au6
2022-02-02T17:48:22.623Z - info: Starting rendering request 15 (user: null) rootId=0kpa2rhobzr7iau, id=0kpa2rhobzr7iau
2022-02-02T17:48:22.623Z - info: Rendering template { name: Test1, recipe: chrome-pdf, engine: handlebars, preview: true } rootId=0kpa2rhobzr7iau, id=0kpa2rhobzr7iau
2022-02-02T17:48:22.793Z - info: Rendering request 15 finished in 173 ms rootId=0kpa2rhobzr7iau, id=0kpa2rhobzr7iau
2022-02-02T17:48:42.372Z - info: Starting rendering request 16 (user: null) rootId=6vs4gkt73tlbora, id=6vs4gkt73tlbora
2022-02-02T17:48:42.372Z - info: Rendering template { name: Test1, recipe: chrome-pdf, engine: handlebars, preview: false } rootId=6vs4gkt73tlbora, id=6vs4gkt73tlbora
2022-02-02T17:48:42.623Z - info: Rendering request 16 finished in 256 ms rootId=6vs4gkt73tlbora, id=6vs4gkt73tlbora
2022-02-02T17:49:18.375Z - info: Starting rendering request 17 (user: null) rootId=yk4wayl0b1g6fwf, id=yk4wayl0b1g6fwf
2022-02-02T17:49:18.375Z - info: Rendering template { name: Test1, recipe: chrome-pdf, engine: handlebars, preview: false } rootId=yk4wayl0b1g6fwf, id=yk4wayl0b1g6fwf
2022-02-02T17:49:18.652Z - info: Rendering request 17 finished in 283 ms rootId=yk4wayl0b1g6fwf, id=yk4wayl0b1g6fwf
2022-02-02T17:50:45.562Z - info: Starting rendering request 18 (user: null) rootId=u2o41i1uj05rynw, id=u2o41i1uj05rynw
2022-02-02T17:50:45.562Z - info: Rendering template { name: Test1, recipe: chrome-pdf, engine: handlebars, preview: true } rootId=u2o41i1uj05rynw, id=u2o41i1uj05rynw
2022-02-02T17:50:45.788Z - info: Rendering request 18 finished in 226 ms rootId=u2o41i1uj05rynw, id=u2o41i1uj05rynw
2022-02-02T17:50:54.086Z - info: Starting rendering request 19 (user: null) rootId=ggo3f97z9rsmy74, id=ggo3f97z9rsmy74
2022-02-02T17:50:54.086Z - info: Rendering template { name: Test1, recipe: chrome-pdf, engine: handlebars, preview: true } rootId=ggo3f97z9rsmy74, id=ggo3f97z9rsmy74
2022-02-02T17:50:54.325Z - info: Rendering request 19 finished in 241 ms rootId=ggo3f97z9rsmy74, id=ggo3f97z9rsmy74
2022-02-02T17:50:58.876Z - info: Starting rendering request 20 (user: null) rootId=2d0frz9fxg29xxj, id=2d0frz9fxg29xxj
2022-02-02T17:50:58.877Z - info: Rendering template { name: Test1, recipe: chrome-pdf, engine: handlebars, preview: true } rootId=2d0frz9fxg29xxj, id=2d0frz9fxg29xxj
2022-02-02T17:50:59.108Z - info: Rendering request 20 finished in 235 ms rootId=2d0frz9fxg29xxj, id=2d0frz9fxg29xxj
2022-02-02T17:51:15.424Z - info: Starting rendering request 21 (user: null) rootId=6er75420jtbbrcl, id=6er75420jtbbrcl
2022-02-02T17:51:15.424Z - info: Rendering template { name: Test1, recipe: chrome-pdf, engine: handlebars, preview: true } rootId=6er75420jtbbrcl, id=6er75420jtbbrcl
2022-02-02T17:51:15.633Z - info: Rendering request 21 finished in 224 ms rootId=6er75420jtbbrcl, id=6er75420jtbbrcl
2022-02-02T17:51:58.826Z - info: Starting rendering request 22 (user: null) rootId=ikuk2ror7d3yamj, id=ikuk2ror7d3yamj
2022-02-02T17:51:58.826Z - info: Rendering template { name: Test1, recipe: chrome-pdf, engine: handlebars, preview: true } rootId=ikuk2ror7d3yamj, id=ikuk2ror7d3yamj
2022-02-02T17:51:59.116Z - info: Rendering request 22 finished in 299 ms rootId=ikuk2ror7d3yamj, id=ikuk2ror7d3yamj
2022-02-02T17:52:17.076Z - info: Starting rendering request 23 (user: null) rootId=v7m18zyzh3bu9ih, id=v7m18zyzh3bu9ih
2022-02-02T17:52:17.076Z - info: Rendering template { name: Test1, recipe: chrome-pdf, engine: handlebars, preview: false } rootId=v7m18zyzh3bu9ih, id=v7m18zyzh3bu9ih
2022-02-02T17:52:17.261Z - info: Rendering request 23 finished in 188 ms rootId=v7m18zyzh3bu9ih, id=v7m18zyzh3bu9ih
2022-02-02T17:53:01.597Z - info: Starting rendering request 24 (user: null) rootId=ijvmkog7l9awn57, id=ijvmkog7l9awn57
2022-02-02T17:53:01.597Z - info: Rendering template { name: Test1, recipe: chrome-pdf, engine: handlebars, preview: false } rootId=ijvmkog7l9awn57, id=ijvmkog7l9awn57
2022-02-02T17:53:01.787Z - info: Rendering request 24 finished in 193 ms rootId=ijvmkog7l9awn57, id=ijvmkog7l9awn57
2022-02-02T17:53:19.478Z - info: Starting rendering request 25 (user: null) rootId=y2tio4mg8oyfpuc, id=y2tio4mg8oyfpuc
2022-02-02T17:53:19.479Z - info: Rendering template { name: Test1, recipe: chrome-pdf, engine: handlebars, preview: false } rootId=y2tio4mg8oyfpuc, id=y2tio4mg8oyfpuc
2022-02-02T17:53:19.673Z - info: Rendering request 25 finished in 197 ms rootId=y2tio4mg8oyfpuc, id=y2tio4mg8oyfpuc
2022-02-02T17:53:44.759Z - info: Starting rendering request 26 (user: null) rootId=k4xknb36mu3neqr, id=k4xknb36mu3neqr
2022-02-02T17:53:44.759Z - info: Rendering template { name: Test1, recipe: chrome-pdf, engine: handlebars, preview: false } rootId=k4xknb36mu3neqr, id=k4xknb36mu3neqr
2022-02-02T17:53:44.942Z - info: Rendering request 26 finished in 187 ms rootId=k4xknb36mu3neqr, id=k4xknb36mu3neqr
2022-02-02T17:54:47.972Z - info: Starting rendering request 27 (user: null) rootId=g6plx5wattypy7n, id=g6plx5wattypy7n
2022-02-02T17:54:47.972Z - info: Rendering template { name: Test1, recipe: chrome-pdf, engine: handlebars, preview: false } rootId=g6plx5wattypy7n, id=g6plx5wattypy7n
2022-02-02T17:54:48.156Z - info: Rendering request 27 finished in 188 ms rootId=g6plx5wattypy7n, id=g6plx5wattypy7n
2022-02-02T17:55:27.695Z - info: Initializing jsreport (version: 3.3.0, configuration file: jsreport.config.json, nodejs: 16.13.2)
2022-02-02T17:55:27.697Z - info: Searching for available extensions in /Users/felixmv/Desktop/School/Eduapp/eduapp/jsreport/
2022-02-02T17:55:27.704Z - info: Extensions location cache contains up to date information, skipping crawling in /Users/felixmv/Desktop/School/Eduapp/eduapp/jsreport/
2022-02-02T17:55:27.712Z - info: Found 35 extension(s)
2022-02-02T17:55:27.818Z - info: Using extension base@3.0.0
2022-02-02T17:55:27.823Z - info: Using extension child-templates@3.0.1
2022-02-02T17:55:27.827Z - info: Using extension cli@3.0.0
2022-02-02T17:55:27.831Z - info: Using extension components@3.2.0
2022-02-02T17:55:27.832Z - info: Using extension data@3.0.1
2022-02-02T17:55:27.834Z - info: Using extension express@3.2.1
2022-02-02T17:55:28.201Z - info: Using extension freeze@3.0.1
2022-02-02T17:55:28.203Z - info: Using extension fs-store@3.0.0
2022-02-02T17:55:28.317Z - info: Using extension handlebars@3.0.0
2022-02-02T17:55:28.319Z - info: Using extension import-export@3.0.2
2022-02-02T17:55:28.334Z - info: Using extension jsrender@3.0.0
2022-02-02T17:55:28.335Z - info: Using extension licensing@3.0.1
2022-02-02T17:55:28.365Z - info: Using extension localization@3.1.1
2022-02-02T17:55:28.366Z - info: Using extension npm@3.1.0
2022-02-02T17:55:28.368Z - info: Using extension pdf-utils@3.2.0
2022-02-02T17:55:28.370Z - info: Using extension reports@3.0.1
2022-02-02T17:55:28.373Z - info: Using extension tags@3.1.0
2022-02-02T17:55:28.375Z - info: Using extension text@3.0.0
2022-02-02T17:55:28.377Z - info: Using extension version-control@3.0.1
2022-02-02T17:55:28.393Z - info: Using extension assets@3.2.0
2022-02-02T17:55:28.405Z - info: Using extension authorization@3.2.0
2022-02-02T17:55:28.409Z - info: Using extension browser-client@3.1.0
2022-02-02T17:55:28.412Z - info: Using extension chrome-pdf@3.1.0
2022-02-02T17:55:28.415Z - info: Using extension docx@3.1.0
2022-02-02T17:55:28.417Z - info: Using extension html-to-xlsx@3.1.0
2022-02-02T17:55:28.509Z - info: html-to-xlsx detected chrome as available html engine
2022-02-02T17:55:28.510Z - info: Using extension pptx@3.1.0
2022-02-02T17:55:28.512Z - info: Using extension scheduling@3.0.1
2022-02-02T17:55:28.549Z - info: Using extension scripts@3.2.0
2022-02-02T17:55:28.550Z - info: Using extension static-pdf@3.0.0
2022-02-02T17:55:28.551Z - info: Using extension studio@3.3.0
2022-02-02T17:55:28.693Z - info: Using extension xlsx@3.1.0
2022-02-02T17:55:28.722Z - info: Using extension public-templates@3.0.0
2022-02-02T17:55:28.723Z - info: Using extension sample-template@3.1.0
2022-02-02T17:55:28.725Z - info: Using extension studio-theme-dark@3.0.1
2022-02-02T17:55:28.727Z - info: Using general timeout for rendering (reportTimeout: 60000)
2022-02-02T17:55:28.727Z - info: Using fs provider for template store.
2022-02-02T17:55:28.735Z - info: fs store is persisting using fs for /Users/felixmv/Desktop/School/Eduapp/eduapp/jsreport/data
2022-02-02T17:55:28.737Z - info: fs store is loading data
2022-02-02T17:55:28.759Z - info: fs store is initialized successfully
2022-02-02T17:55:28.771Z - info: Creating default express app.
2022-02-02T17:55:28.800Z - info: jsreport server successfully started on http port: 5488
2022-02-02T17:55:28.801Z - info: Verifying license key free
2022-02-02T17:55:28.802Z - info: Using free license
2022-02-02T17:55:28.805Z - info: Initializing worker threads
2022-02-02T17:55:29.028Z - info: 2 worker threads initialized in 223ms
2022-02-02T17:55:29.028Z - info: Starting temp files cleanup with 180000ms threshold
2022-02-02T17:55:29.029Z - info: reporter initialized
2022-02-02T17:55:55.655Z - info: Starting rendering request 1 (user: null) rootId=vt5zp658fc6quca, id=vt5zp658fc6quca
2022-02-02T17:55:55.656Z - info: Rendering template { name: Test1, recipe: chrome-pdf, engine: handlebars, preview: false } rootId=vt5zp658fc6quca, id=vt5zp658fc6quca
2022-02-02T17:55:56.016Z - warn: Error when processing render request 1 Error when evaluating engine handlebars for template /EduappReport/Test1/Test1
(lookupProperty(...) || (depth0 && lookupProperty(...)) || alias2).call is not a function TypeError: (lookupProperty(...) || (depth0 && lookupProperty(...)) || alias2).call is not a function
    at 1 (eval at compile (/Users/felixmv/Desktop/School/Eduapp/eduapp/jsreport/node_modules/@jsreport/jsreport-handlebars/lib/handlebarsEngine.js:34:30), <anonymous>:16:108)
    at prog (/Users/felixmv/Desktop/School/Eduapp/eduapp/jsreport/node_modules/handlebars/dist/cjs/handlebars/runtime.js:268:12)
    at execIteration (/Users/felixmv/Desktop/School/Eduapp/eduapp/jsreport/node_modules/handlebars/dist/cjs/handlebars/helpers/each.js:51:19)
    at Object.<anonymous> (/Users/felixmv/Desktop/School/Eduapp/eduapp/jsreport/node_modules/handlebars/dist/cjs/handlebars/helpers/each.js:61:13)
    at Object.wrapper (/Users/felixmv/Desktop/School/Eduapp/eduapp/jsreport/node_modules/handlebars/dist/cjs/handlebars/internal/wrapHelper.js:15:19)
    at Object.main (eval at compile (/Users/felixmv/Desktop/School/Eduapp/eduapp/jsreport/node_modules/@jsreport/jsreport-handlebars/lib/handlebarsEngine.js:34:30), <anonymous>:37:49)
    at main (/Users/felixmv/Desktop/School/Eduapp/eduapp/jsreport/node_modules/handlebars/dist/cjs/handlebars/runtime.js:208:32)
    at ret (/Users/felixmv/Desktop/School/Eduapp/eduapp/jsreport/node_modules/handlebars/dist/cjs/handlebars/runtime.js:212:12)
    at Object.execute (/Users/felixmv/Desktop/School/Eduapp/eduapp/jsreport/node_modules/@jsreport/jsreport-handlebars/lib/handlebarsEngine.js:66:20)
    at Object.execute (/Users/felixmv/Desktop/School/Eduapp/eduapp/jsreport/node_modules/@jsreport/jsreport-handlebars/lib/worker.js:26:43) rootId=vt5zp658fc6quca, id=vt5zp658fc6quca
2022-02-02T17:55:56.017Z - warn: Rendering request 1 finished with error in 420 ms rootId=vt5zp658fc6quca, id=vt5zp658fc6quca
2022-02-02T17:55:56.021Z - warn: Error during processing request at http://localhost:5488/api/report
2022-02-02T17:57:27.221Z - info: Starting rendering request 2 (user: null) rootId=y4tgnrizsk0n5xl, id=y4tgnrizsk0n5xl
2022-02-02T17:57:27.222Z - info: Rendering template { name: Test1, recipe: chrome-pdf, engine: handlebars, preview: true } rootId=y4tgnrizsk0n5xl, id=y4tgnrizsk0n5xl
2022-02-02T17:57:27.245Z - warn: Error when processing render request 2 Error when evaluating engine handlebars for template /EduappReport/Test1/Test1
each doesn't match if - 29:15 Error: each doesn't match if - 29:15
    at validateClose (/Users/felixmv/Desktop/School/Eduapp/eduapp/jsreport/node_modules/handlebars/dist/cjs/handlebars/compiler/helpers.js:28:11)
    at Object.prepareBlock (/Users/felixmv/Desktop/School/Eduapp/eduapp/jsreport/node_modules/handlebars/dist/cjs/handlebars/compiler/helpers.js:142:5)
    at Object.anonymous (/Users/felixmv/Desktop/School/Eduapp/eduapp/jsreport/node_modules/handlebars/dist/cjs/handlebars/compiler/parser.js:65:33)
    at Parser.parse (/Users/felixmv/Desktop/School/Eduapp/eduapp/jsreport/node_modules/handlebars/dist/cjs/handlebars/compiler/parser.js:367:48)
    at parseWithoutProcessing (/Users/felixmv/Desktop/School/Eduapp/eduapp/jsreport/node_modules/handlebars/dist/cjs/handlebars/compiler/base.js:46:33)
    at HandlebarsEnvironment.parse (/Users/felixmv/Desktop/School/Eduapp/eduapp/jsreport/node_modules/handlebars/dist/cjs/handlebars/compiler/base.js:52:13)
    at Object.precompile (/Users/felixmv/Desktop/School/Eduapp/eduapp/jsreport/node_modules/handlebars/dist/cjs/handlebars/compiler/compiler.js:485:17)
    at HandlebarsEnvironment.hb.precompile (/Users/felixmv/Desktop/School/Eduapp/eduapp/jsreport/node_modules/handlebars/dist/cjs/handlebars.js:42:40)
    at Object.compile (/Users/felixmv/Desktop/School/Eduapp/eduapp/jsreport/node_modules/@jsreport/jsreport-handlebars/lib/handlebarsEngine.js:33:52)
    at Object.compile (/Users/felixmv/Desktop/School/Eduapp/eduapp/jsreport/node_modules/@jsreport/jsreport-handlebars/lib/worker.js:25:43) rootId=y4tgnrizsk0n5xl, id=y4tgnrizsk0n5xl
2022-02-02T17:57:27.246Z - warn: Rendering request 2 finished with error in 32 ms rootId=y4tgnrizsk0n5xl, id=y4tgnrizsk0n5xl
2022-02-02T18:50:24.001Z - info: Starting rendering request 3 (user: null) rootId=9a1j7h2zhkmntnd, id=9a1j7h2zhkmntnd
2022-02-02T18:50:24.002Z - info: Rendering template { name: Test1, recipe: chrome-pdf, engine: handlebars, preview: true } rootId=9a1j7h2zhkmntnd, id=9a1j7h2zhkmntnd
2022-02-02T18:50:24.899Z - info: Rendering request 3 finished in 904 ms rootId=9a1j7h2zhkmntnd, id=9a1j7h2zhkmntnd
2022-02-02T18:50:39.033Z - info: Starting rendering request 4 (user: null) rootId=fivcqpfmycywpu0, id=fivcqpfmycywpu0
2022-02-02T18:50:39.033Z - info: Rendering template { name: Test1, recipe: chrome-pdf, engine: handlebars, preview: false } rootId=fivcqpfmycywpu0, id=fivcqpfmycywpu0
2022-02-02T18:50:39.051Z - warn: Error when processing render request 4 Error when evaluating engine handlebars for template /EduappReport/Test1/Test1
Missing helper: "ternary" Error: Missing helper: "ternary"
    at Object.<anonymous> (/Users/felixmv/Desktop/School/Eduapp/eduapp/jsreport/node_modules/handlebars/dist/cjs/handlebars/helpers/helper-missing.js:19:13)
    at Object.wrapper (/Users/felixmv/Desktop/School/Eduapp/eduapp/jsreport/node_modules/handlebars/dist/cjs/handlebars/internal/wrapHelper.js:15:19)
    at 1 (eval at compile (/Users/felixmv/Desktop/School/Eduapp/eduapp/jsreport/node_modules/@jsreport/jsreport-handlebars/lib/handlebarsEngine.js:34:30), <anonymous>:16:104)
    at prog (/Users/felixmv/Desktop/School/Eduapp/eduapp/jsreport/node_modules/handlebars/dist/cjs/handlebars/runtime.js:268:12)
    at execIteration (/Users/felixmv/Desktop/School/Eduapp/eduapp/jsreport/node_modules/handlebars/dist/cjs/handlebars/helpers/each.js:51:19)
    at Object.<anonymous> (/Users/felixmv/Desktop/School/Eduapp/eduapp/jsreport/node_modules/handlebars/dist/cjs/handlebars/helpers/each.js:61:13)
    at Object.wrapper (/Users/felixmv/Desktop/School/Eduapp/eduapp/jsreport/node_modules/handlebars/dist/cjs/handlebars/internal/wrapHelper.js:15:19)
    at Object.main (eval at compile (/Users/felixmv/Desktop/School/Eduapp/eduapp/jsreport/node_modules/@jsreport/jsreport-handlebars/lib/handlebarsEngine.js:34:30), <anonymous>:37:49)
    at main (/Users/felixmv/Desktop/School/Eduapp/eduapp/jsreport/node_modules/handlebars/dist/cjs/handlebars/runtime.js:208:32)
    at ret (/Users/felixmv/Desktop/School/Eduapp/eduapp/jsreport/node_modules/handlebars/dist/cjs/handlebars/runtime.js:212:12) rootId=fivcqpfmycywpu0, id=fivcqpfmycywpu0
2022-02-02T18:50:39.051Z - warn: Rendering request 4 finished with error in 22 ms rootId=fivcqpfmycywpu0, id=fivcqpfmycywpu0
2022-02-02T18:50:39.055Z - warn: Error during processing request at http://localhost:5488/api/report
2022-02-02T18:52:04.779Z - info: Starting rendering request 5 (user: null) rootId=gqbatvk0n7gshu9, id=gqbatvk0n7gshu9
2022-02-02T18:52:04.779Z - info: Rendering template { name: Test1, recipe: chrome-pdf, engine: handlebars, preview: true } rootId=gqbatvk0n7gshu9, id=gqbatvk0n7gshu9
2022-02-02T18:52:04.986Z - info: Rendering request 5 finished in 208 ms rootId=gqbatvk0n7gshu9, id=gqbatvk0n7gshu9
2022-02-02T18:52:10.834Z - info: Starting rendering request 6 (user: null) rootId=m8ea839zvgk9enw, id=m8ea839zvgk9enw
2022-02-02T18:52:10.834Z - info: Rendering template { name: Test1, recipe: chrome-pdf, engine: handlebars, preview: false } rootId=m8ea839zvgk9enw, id=m8ea839zvgk9enw
2022-02-02T18:52:11.027Z - info: Rendering request 6 finished in 196 ms rootId=m8ea839zvgk9enw, id=m8ea839zvgk9enw
2022-02-02T18:52:52.414Z - info: Starting rendering request 7 (user: null) rootId=v3zho94hs6l3cad, id=v3zho94hs6l3cad
2022-02-02T18:52:52.414Z - info: Rendering template { name: Test1, recipe: chrome-pdf, engine: handlebars, preview: true } rootId=v3zho94hs6l3cad, id=v3zho94hs6l3cad
2022-02-02T18:52:52.624Z - info: Rendering request 7 finished in 215 ms rootId=v3zho94hs6l3cad, id=v3zho94hs6l3cad
2022-02-02T18:52:59.277Z - info: Starting rendering request 8 (user: null) rootId=wgz74uzj29uz4bq, id=wgz74uzj29uz4bq
2022-02-02T18:52:59.277Z - info: Rendering template { name: Test1, recipe: chrome-pdf, engine: handlebars, preview: true } rootId=wgz74uzj29uz4bq, id=wgz74uzj29uz4bq
2022-02-02T18:52:59.467Z - info: Rendering request 8 finished in 194 ms rootId=wgz74uzj29uz4bq, id=wgz74uzj29uz4bq
2022-02-02T18:53:06.235Z - info: Starting rendering request 9 (user: null) rootId=1tay6adlhwi892k, id=1tay6adlhwi892k
2022-02-02T18:53:06.235Z - info: Rendering template { name: Test1, recipe: chrome-pdf, engine: handlebars, preview: true } rootId=1tay6adlhwi892k, id=1tay6adlhwi892k
2022-02-02T18:53:06.438Z - info: Rendering request 9 finished in 206 ms rootId=1tay6adlhwi892k, id=1tay6adlhwi892k
2022-02-02T18:53:26.062Z - info: Starting rendering request 10 (user: null) rootId=8cd6hx7efdbno3s, id=8cd6hx7efdbno3s
2022-02-02T18:53:26.062Z - info: Rendering template { name: Test1, recipe: chrome-pdf, engine: handlebars, preview: true } rootId=8cd6hx7efdbno3s, id=8cd6hx7efdbno3s
2022-02-02T18:53:26.289Z - info: Rendering request 10 finished in 233 ms rootId=8cd6hx7efdbno3s, id=8cd6hx7efdbno3s
2022-02-02T18:53:40.991Z - info: Starting rendering request 11 (user: null) rootId=vjh4ot7qyqo32ub, id=vjh4ot7qyqo32ub
2022-02-02T18:53:40.991Z - info: Rendering template { name: Test1, recipe: chrome-pdf, engine: handlebars, preview: true } rootId=vjh4ot7qyqo32ub, id=vjh4ot7qyqo32ub
2022-02-02T18:53:41.184Z - info: Rendering request 11 finished in 198 ms rootId=vjh4ot7qyqo32ub, id=vjh4ot7qyqo32ub
2022-02-02T18:53:49.411Z - info: Starting rendering request 12 (user: null) rootId=ilp5ti6fywohhs8, id=ilp5ti6fywohhs8
2022-02-02T18:53:49.412Z - info: Rendering template { name: Test1, recipe: chrome-pdf, engine: handlebars, preview: true } rootId=ilp5ti6fywohhs8, id=ilp5ti6fywohhs8
2022-02-02T18:53:49.609Z - info: Rendering request 12 finished in 201 ms rootId=ilp5ti6fywohhs8, id=ilp5ti6fywohhs8
2022-02-02T18:53:53.623Z - info: Starting rendering request 13 (user: null) rootId=faes2t6fis3fpm5, id=faes2t6fis3fpm5
2022-02-02T18:53:53.623Z - info: Rendering template { name: Test1, recipe: chrome-pdf, engine: handlebars, preview: true } rootId=faes2t6fis3fpm5, id=faes2t6fis3fpm5
2022-02-02T18:53:53.826Z - info: Rendering request 13 finished in 205 ms rootId=faes2t6fis3fpm5, id=faes2t6fis3fpm5
2022-02-02T18:54:01.586Z - info: Starting rendering request 14 (user: null) rootId=wwhlfl6y2e8dxt3, id=wwhlfl6y2e8dxt3
2022-02-02T18:54:01.586Z - info: Rendering template { name: Test1, recipe: chrome-pdf, engine: handlebars, preview: false } rootId=wwhlfl6y2e8dxt3, id=wwhlfl6y2e8dxt3
2022-02-02T18:54:01.760Z - info: Rendering request 14 finished in 178 ms rootId=wwhlfl6y2e8dxt3, id=wwhlfl6y2e8dxt3
2022-02-02T18:54:41.795Z - info: Starting rendering request 15 (user: null) rootId=9c40ytk6m2qz0ed, id=9c40ytk6m2qz0ed
2022-02-02T18:54:41.795Z - info: Rendering template { name: Test1, recipe: chrome-pdf, engine: handlebars, preview: true } rootId=9c40ytk6m2qz0ed, id=9c40ytk6m2qz0ed
2022-02-02T18:54:41.997Z - info: Rendering request 15 finished in 206 ms rootId=9c40ytk6m2qz0ed, id=9c40ytk6m2qz0ed
2022-02-02T18:54:54.093Z - info: Starting rendering request 16 (user: null) rootId=gr1j1m52f7j98qx, id=gr1j1m52f7j98qx
2022-02-02T18:54:54.094Z - info: Rendering template { name: Test1, recipe: chrome-pdf, engine: handlebars, preview: true } rootId=gr1j1m52f7j98qx, id=gr1j1m52f7j98qx
2022-02-02T18:54:54.302Z - info: Rendering request 16 finished in 215 ms rootId=gr1j1m52f7j98qx, id=gr1j1m52f7j98qx
2022-02-02T18:55:08.183Z - info: Starting rendering request 17 (user: null) rootId=z5w3rtbpuqz4q42, id=z5w3rtbpuqz4q42
2022-02-02T18:55:08.184Z - info: Rendering template { name: Test1, recipe: chrome-pdf, engine: handlebars, preview: true } rootId=z5w3rtbpuqz4q42, id=z5w3rtbpuqz4q42
2022-02-02T18:55:08.375Z - info: Rendering request 17 finished in 195 ms rootId=z5w3rtbpuqz4q42, id=z5w3rtbpuqz4q42
2022-02-02T18:55:12.885Z - info: Starting rendering request 18 (user: null) rootId=nq74q2a792wi2fo, id=nq74q2a792wi2fo
2022-02-02T18:55:12.885Z - info: Rendering template { name: Test1, recipe: chrome-pdf, engine: handlebars, preview: true } rootId=nq74q2a792wi2fo, id=nq74q2a792wi2fo
2022-02-02T18:55:13.090Z - info: Rendering request 18 finished in 210 ms rootId=nq74q2a792wi2fo, id=nq74q2a792wi2fo
2022-02-02T18:55:17.799Z - info: Starting rendering request 19 (user: null) rootId=7ajygmn8whs33r4, id=7ajygmn8whs33r4
2022-02-02T18:55:17.799Z - info: Rendering template { name: Test1, recipe: chrome-pdf, engine: handlebars, preview: true } rootId=7ajygmn8whs33r4, id=7ajygmn8whs33r4
2022-02-02T18:55:17.978Z - info: Rendering request 19 finished in 184 ms rootId=7ajygmn8whs33r4, id=7ajygmn8whs33r4
2022-02-02T18:55:22.098Z - info: Starting rendering request 20 (user: null) rootId=0aepxpdz13o0w1v, id=0aepxpdz13o0w1v
2022-02-02T18:55:22.098Z - info: Rendering template { name: Test1, recipe: chrome-pdf, engine: handlebars, preview: true } rootId=0aepxpdz13o0w1v, id=0aepxpdz13o0w1v
2022-02-02T18:55:22.293Z - info: Rendering request 20 finished in 195 ms rootId=0aepxpdz13o0w1v, id=0aepxpdz13o0w1v
2022-02-02T18:55:51.011Z - info: Starting rendering request 21 (user: null) rootId=ob6zrglb8uy0f1q, id=ob6zrglb8uy0f1q
2022-02-02T18:55:51.011Z - info: Rendering template { name: Test1, recipe: chrome-pdf, engine: handlebars, preview: true } rootId=ob6zrglb8uy0f1q, id=ob6zrglb8uy0f1q
2022-02-02T18:55:51.219Z - info: Rendering request 21 finished in 213 ms rootId=ob6zrglb8uy0f1q, id=ob6zrglb8uy0f1q
2022-02-02T18:56:12.434Z - info: Starting rendering request 22 (user: null) rootId=usenb06dz6qozhe, id=usenb06dz6qozhe
2022-02-02T18:56:12.434Z - info: Rendering template { name: Test1, recipe: chrome-pdf, engine: handlebars, preview: true } rootId=usenb06dz6qozhe, id=usenb06dz6qozhe
2022-02-02T18:56:12.639Z - info: Rendering request 22 finished in 210 ms rootId=usenb06dz6qozhe, id=usenb06dz6qozhe
2022-02-02T18:56:26.283Z - info: Starting rendering request 23 (user: null) rootId=pusy39duh4gg171, id=pusy39duh4gg171
2022-02-02T18:56:26.283Z - info: Rendering template { name: Test1, recipe: chrome-pdf, engine: handlebars, preview: true } rootId=pusy39duh4gg171, id=pusy39duh4gg171
2022-02-02T18:56:26.486Z - info: Rendering request 23 finished in 205 ms rootId=pusy39duh4gg171, id=pusy39duh4gg171
2022-02-02T18:56:43.078Z - info: Starting rendering request 24 (user: null) rootId=vrp1x0rpw21731h, id=vrp1x0rpw21731h
2022-02-02T18:56:43.078Z - info: Rendering template { name: Test1, recipe: chrome-pdf, engine: handlebars, preview: true } rootId=vrp1x0rpw21731h, id=vrp1x0rpw21731h
2022-02-02T18:56:43.274Z - info: Rendering request 24 finished in 200 ms rootId=vrp1x0rpw21731h, id=vrp1x0rpw21731h
2022-02-02T18:57:13.493Z - info: Starting rendering request 25 (user: null) rootId=o6fthwgbvjls5xu, id=o6fthwgbvjls5xu
2022-02-02T18:57:13.493Z - info: Rendering template { name: Test1, recipe: chrome-pdf, engine: handlebars, preview: true } rootId=o6fthwgbvjls5xu, id=o6fthwgbvjls5xu
2022-02-02T18:57:13.670Z - info: Rendering request 25 finished in 203 ms rootId=o6fthwgbvjls5xu, id=o6fthwgbvjls5xu
2022-02-02T18:57:27.136Z - info: Starting rendering request 26 (user: null) rootId=hm5j2jb189glbbu, id=hm5j2jb189glbbu
2022-02-02T18:57:27.137Z - info: Rendering template { name: Test1, recipe: chrome-pdf, engine: handlebars, preview: true } rootId=hm5j2jb189glbbu, id=hm5j2jb189glbbu
2022-02-02T18:57:27.349Z - info: Rendering request 26 finished in 216 ms rootId=hm5j2jb189glbbu, id=hm5j2jb189glbbu
2022-02-02T18:57:32.804Z - info: Starting rendering request 27 (user: null) rootId=uq4y12zfml6i0nl, id=uq4y12zfml6i0nl
2022-02-02T18:57:32.804Z - info: Rendering template { name: Test1, recipe: chrome-pdf, engine: handlebars, preview: true } rootId=uq4y12zfml6i0nl, id=uq4y12zfml6i0nl
2022-02-02T18:57:32.989Z - info: Rendering request 27 finished in 188 ms rootId=uq4y12zfml6i0nl, id=uq4y12zfml6i0nl
2022-02-02T18:57:39.438Z - info: Starting rendering request 28 (user: null) rootId=va1catwd30jk2n7, id=va1catwd30jk2n7
2022-02-02T18:57:39.438Z - info: Rendering template { name: Test1, recipe: chrome-pdf, engine: handlebars, preview: true } rootId=va1catwd30jk2n7, id=va1catwd30jk2n7
2022-02-02T18:57:39.619Z - info: Rendering request 28 finished in 183 ms rootId=va1catwd30jk2n7, id=va1catwd30jk2n7
